app/proguard-rules.txt
# To enable ProGuard in your project, edit project.properties
# to define the proguard.config property as described in that file.
#
# Add project specific ProGuard rules here.
# By default, the flags in this file are appended to flags specified
# in ${sdk.dir}/tools/proguard/proguard-android.txt
# You can edit the include path and order by changing the ProGuard
# include property in project.properties.
#
# For more details, see
#   http://developer.android.com/guide/developing/tools/proguard.html

# Add any project specific keep options here:

# If your project uses WebView with JS, uncomment the following
# and specify the fully qualified class name to the JavaScript interface
# class:
#-keepclassmembers class fqcn.of.javascript.interface.for.webview {
#   public *;
#}

#
# This file was derived from the Android SDK default configuration in tools/lib/proguard.cfg,
# with changes/additions explicitly commented where made
#

-printseeds seeds.txt
-printusage unused.txt
-printmapping mapping.txt

-verbose
-optimizations !code/simplification/arithmetic,!field/*,!class/merging/*,!code/allocation/variable
-keep public class * extends android.app.Activity
-keep public class * extends android.app.Application
-keep public class * extends android.app.Service
-keep public class * extends android.content.BroadcastReceiver
-keep public class * extends android.content.ContentProvider
-keep public class * extends android.app.backup.BackupAgentHelper
-keep public class * extends android.preference.Preference

-libraryjars libs

-keep class android.support.v4.app.** { *; }
-keep interface android.support.v4.app.** { *; }

-keep class com.fasterxml.jackson.** { *; }
-keep interface com.fasterxml.jackson.** { *; }

-keep class com.ashoksm.thiraseela.dto.** { *; }

#To remove debug logs:
-assumenosideeffects class android.util.Log {
    public static *** d(...);
    public static *** v(...);
    public static *** w(...);
     public static *** e(...);
}
# Suppress duplicate warning for system classes; Blaze is passing android.jar
# to proguard multiple times.
-dontnote android.**
-dontnote java.**
-dontnote javax.**
-dontnote junit.**
-dontnote org.**
-dontnote dalvik.**
-dontnote com.android.internal.**


# Stop warnings about missing unused classes
-dontwarn com.google.common.annotations.**
-dontwarn com.google.common.base.**
-dontwarn com.google.common.collect.**
-dontnote com.google.common.flags.**
-dontwarn com.google.common.flags.**
-dontwarn com.google.common.util.concurrent.***
-dontwarn org.w3c.**

-keepattributes Signature