app/seeds.txt
com.ashoksm.thiraseela.R$anim: int abc_fade_in
com.ashoksm.thiraseela.R$anim: int abc_fade_out
com.ashoksm.thiraseela.R$anim: int abc_grow_fade_in_from_bottom
com.ashoksm.thiraseela.R$anim: int abc_popup_enter
com.ashoksm.thiraseela.R$anim: int abc_popup_exit
com.ashoksm.thiraseela.R$anim: int abc_shrink_fade_out_from_bottom
com.ashoksm.thiraseela.R$anim: int abc_slide_in_bottom
com.ashoksm.thiraseela.R$anim: int abc_slide_in_top
com.ashoksm.thiraseela.R$anim: int abc_slide_out_bottom
com.ashoksm.thiraseela.R$anim: int abc_slide_out_top
com.ashoksm.thiraseela.R$anim: int down_from_top
com.ashoksm.thiraseela.R$anim: int slide_in_left
com.ashoksm.thiraseela.R$anim: int slide_out_left
com.ashoksm.thiraseela.R$anim: int up_from_bottom
com.ashoksm.thiraseela.R$attr: int actionBarDivider
com.ashoksm.thiraseela.R$attr: int actionBarItemBackground
com.ashoksm.thiraseela.R$attr: int actionBarPopupTheme
com.ashoksm.thiraseela.R$attr: int actionBarSize
com.ashoksm.thiraseela.R$attr: int actionBarSplitStyle
com.ashoksm.thiraseela.R$attr: int actionBarStyle
com.ashoksm.thiraseela.R$attr: int actionBarTabBarStyle
com.ashoksm.thiraseela.R$attr: int actionBarTabStyle
com.ashoksm.thiraseela.R$attr: int actionBarTabTextStyle
com.ashoksm.thiraseela.R$attr: int actionBarTheme
com.ashoksm.thiraseela.R$attr: int actionBarWidgetTheme
com.ashoksm.thiraseela.R$attr: int actionButtonStyle
com.ashoksm.thiraseela.R$attr: int actionDropDownStyle
com.ashoksm.thiraseela.R$attr: int actionLayout
com.ashoksm.thiraseela.R$attr: int actionMenuTextAppearance
com.ashoksm.thiraseela.R$attr: int actionMenuTextColor
com.ashoksm.thiraseela.R$attr: int actionModeBackground
com.ashoksm.thiraseela.R$attr: int actionModeCloseButtonStyle
com.ashoksm.thiraseela.R$attr: int actionModeCloseDrawable
com.ashoksm.thiraseela.R$attr: int actionModeCopyDrawable
com.ashoksm.thiraseela.R$attr: int actionModeCutDrawable
com.ashoksm.thiraseela.R$attr: int actionModeFindDrawable
com.ashoksm.thiraseela.R$attr: int actionModePasteDrawable
com.ashoksm.thiraseela.R$attr: int actionModePopupWindowStyle
com.ashoksm.thiraseela.R$attr: int actionModeSelectAllDrawable
com.ashoksm.thiraseela.R$attr: int actionModeShareDrawable
com.ashoksm.thiraseela.R$bool: int abc_action_bar_embed_tabs
com.ashoksm.thiraseela.R$bool: int abc_action_bar_embed_tabs_pre_jb
com.ashoksm.thiraseela.R$bool: int abc_action_bar_expanded_action_views_exclusive
com.ashoksm.thiraseela.R$bool: int abc_config_actionMenuItemAllCaps
com.ashoksm.thiraseela.R$bool: int abc_config_allowActionMenuItemTextWithIcon
com.ashoksm.thiraseela.R$bool: int abc_config_closeDialogWhenTouchOutside
com.ashoksm.thiraseela.R$bool: int abc_config_showMenuShortcutsWhenKeyboardPresent
...
com.fasterxml.jackson.databind.ser.impl.ReadOnlyClassToSerializerMap
com.fasterxml.jackson.databind.ser.impl.ReadOnlyClassToSerializerMap: com.fasterxml.jackson.databind.ser.impl.JsonSerializerMap _map
com.fasterxml.jackson.databind.ser.impl.ReadOnlyClassToSerializerMap: com.fasterxml.jackson.databind.ser.SerializerCache$TypeKey _cacheKey
com.fasterxml.jackson.databind.ser.impl.ReadOnlyClassToSerializerMap: ReadOnlyClassToSerializerMap(com.fasterxml.jackson.databind.ser.impl.JsonSerializerMap)
com.fasterxml.jackson.databind.ser.impl.ReadOnlyClassToSerializerMap: com.fasterxml.jackson.databind.ser.impl.ReadOnlyClassToSerializerMap instance()
com.fasterxml.jackson.databind.ser.impl.ReadOnlyClassToSerializerMap: com.fasterxml.jackson.databind.ser.impl.ReadOnlyClassToSerializerMap from(java.util.HashMap)
com.fasterxml.jackson.databind.ser.impl.ReadOnlyClassToSerializerMap: com.fasterxml.jackson.databind.JsonSerializer typedValueSerializer(com.fasterxml.jackson.databind.JavaType)
com.fasterxml.jackson.databind.ser.impl.ReadOnlyClassToSerializerMap: com.fasterxml.jackson.databind.JsonSerializer typedValueSerializer(java.lang.Class)
com.fasterxml.jackson.databind.ser.impl.ReadOnlyClassToSerializerMap: com.fasterxml.jackson.databind.JsonSerializer untypedValueSerializer(java.lang.Class)
com.fasterxml.jackson.databind.ser.impl.ReadOnlyClassToSerializerMap: com.fasterxml.jackson.databind.JsonSerializer untypedValueSerializer(com.fasterxml.jackson.databind.JavaType)
com.fasterxml.jackson.databind.ser.impl.SimpleBeanPropertyFilter
com.fasterxml.jackson.databind.ser.impl.SimpleBeanPropertyFilter: SimpleBeanPropertyFilter()
com.fasterxml.jackson.databind.ser.impl.SimpleBeanPropertyFilter: com.fasterxml.jackson.databind.ser.impl.SimpleBeanPropertyFilter filterOutAllExcept(java.util.Set)
com.fasterxml.jackson.databind.ser.impl.SimpleBeanPropertyFilter: com.fasterxml.jackson.databind.ser.impl.SimpleBeanPropertyFilter filterOutAllExcept(java.lang.String[])
com.fasterxml.jackson.databind.ser.impl.SimpleBeanPropertyFilter: com.fasterxml.jackson.databind.ser.impl.SimpleBeanPropertyFilter serializeAllExcept(java.util.Set)
com.fasterxml.jackson.databind.ser.impl.SimpleBeanPropertyFilter: com.fasterxml.jackson.databind.ser.impl.SimpleBeanPropertyFilter serializeAllExcept(java.lang.String[])
com.fasterxml.jackson.databind.ser.impl.SimpleBeanPropertyFilter$FilterExceptFilter
com.fasterxml.jackson.databind.ser.impl.SimpleBeanPropertyFilter$FilterExceptFilter: java.util.Set _propertiesToInclude
com.fasterxml.jackson.databind.ser.impl.SimpleBeanPropertyFilter$FilterExceptFilter: SimpleBeanPropertyFilter$FilterExceptFilter(java.util.Set)
com.fasterxml.jackson.databind.ser.impl.SimpleBeanPropertyFilter$FilterExceptFilter: void serializeAsField(java.lang.Object,com.fasterxml.jackson.core.JsonGenerator,com.fasterxml.jackson.databind.SerializerProvider,com.fasterxml.jackson.databind.ser.BeanPropertyWriter)
com.fasterxml.jackson.databind.ser.impl.SimpleBeanPropertyFilter$SerializeExceptFilter
com.fasterxml.jackson.databind.ser.impl.SimpleBeanPropertyFilter$SerializeExceptFilter: java.util.Set _propertiesToExclude
com.fasterxml.jackson.databind.ser.impl.SimpleBeanPropertyFilter$SerializeExceptFilter: SimpleBeanPropertyFilter$SerializeExceptFilter(java.util.Set)
com.fasterxml.jackson.databind.ser.impl.SimpleBeanPropertyFilter$SerializeExceptFilter: void serializeAsField(java.lang.Object,com.fasterxml.jackson.core.JsonGenerator,com.fasterxml.jackson.databind.SerializerProvider,com.fasterxml.jackson.databind.ser.BeanPropertyWriter)