app/mapping.txt
com.ashoksm.thiraseela.adapter.AcademyListAdapter -> com.ashoksm.thiraseela.a.a:
    java.util.List academyListDTOs -> a
    java.util.List filteredAcademyListDTOs -> b
    android.content.Context context -> c
    android.graphics.Bitmap placeHolderImage -> d
    com.ashoksm.thiraseela.utils.ImageDownloader imageDownloader -> e
    android.support.v7.widget.RecyclerView recyclerView -> f
    android.widget.TextView emptyView -> g
    com.ashoksm.thiraseela.adapter.AcademyListAdapter$ViewHolder onCreateViewHolder(android.view.ViewGroup,int) -> c
    void onBindViewHolder(com.ashoksm.thiraseela.adapter.AcademyListAdapter$ViewHolder,int) -> a
    int getItemCount() -> a
    android.widget.Filter getFilter() -> getFilter
    java.util.List getFilteredAcademyListDTOs() -> d
    void onBindViewHolder(android.support.v7.widget.RecyclerView$ViewHolder,int) -> a
    android.support.v7.widget.RecyclerView$ViewHolder onCreateViewHolder(android.view.ViewGroup,int) -> a
    java.util.List access$100(com.ashoksm.thiraseela.adapter.AcademyListAdapter) -> a
    android.support.v7.widget.RecyclerView access$200() -> e
    android.widget.TextView access$300() -> f
com.ashoksm.thiraseela.adapter.AcademyListAdapter$1 -> com.ashoksm.thiraseela.a.b:
com.ashoksm.thiraseela.adapter.AcademyListAdapter$ArtistFilter -> com.ashoksm.thiraseela.a.c:
    com.ashoksm.thiraseela.adapter.AcademyListAdapter adapter -> a
    java.util.List originalList -> b
    java.util.List filteredList -> c
    android.widget.Filter$FilterResults performFiltering(java.lang.CharSequence) -> performFiltering
    void publishResults(java.lang.CharSequence,android.widget.Filter$FilterResults) -> publishResults
com.ashoksm.thiraseela.adapter.AcademyListAdapter$ViewHolder -> com.ashoksm.thiraseela.a.d:
    android.widget.TextView txtHeader -> i
    android.widget.TextView txtFooter -> j
    android.widget.ImageView imageView -> k
    com.ashoksm.thiraseela.adapter.AcademyListAdapter this$0 -> l
com.ashoksm.thiraseela.adapter.AcademyPagerAdapter -> com.ashoksm.thiraseela.a.e:
    java.util.List items -> a
    android.view.LayoutInflater mLayoutInflater -> b
    android.content.Context context -> c
    com.ashoksm.thiraseela.utils.ImageDownloader downloader -> d
    android.graphics.Bitmap placeHolderImage -> e
    int getCount() -> getCount
    boolean isViewFromObject(android.view.View,java.lang.Object) -> isViewFromObject
    java.lang.Object instantiateItem(android.view.ViewGroup,int) -> instantiateItem
    void loadDetails(int,android.view.View,android.widget.ImageView,android.widget.TextView,android.widget.TextView,android.widget.TextView,android.widget.TextView,android.widget.TextView,android.widget.TextView,android.widget.TextView,android.widget.RelativeLayout,android.support.v7.widget.CardView) -> a
    void destroyItem(android.view.ViewGroup,int,java.lang.Object) -> destroyItem
    void access$000(com.ashoksm.thiraseela.adapter.AcademyPagerAdapter,int,android.view.View,android.widget.ImageView,android.widget.TextView,android.widget.TextView,android.widget.TextView,android.widget.TextView,android.widget.TextView,android.widget.TextView,android.widget.TextView,android.widget.RelativeLayout,android.support.v7.widget.CardView) -> a
com.ashoksm.thiraseela.adapter.AcademyPagerAdapter$1 -> com.ashoksm.thiraseela.a.f:
    int val$position -> a
    android.view.View val$itemView -> b
    android.widget.ImageView val$performerImage -> c
    android.widget.TextView val$academyType -> d
    android.widget.TextView val$address -> e
    android.widget.TextView val$mobile -> f
    android.widget.TextView val$phone -> g
    android.widget.TextView val$email -> h
    android.widget.TextView val$web -> i
    android.widget.TextView val$performerProfile -> j
    android.widget.RelativeLayout val$addressLayout -> k
    android.support.v7.widget.CardView val$aboutView -> l
    com.ashoksm.thiraseela.adapter.AcademyPagerAdapter this$0 -> m
    void onClick(android.view.View) -> onClick
...
android.support.v4.view.AccessibilityDelegateCompat$AccessibilityDelegateJellyBeanImpl$1 -> android.support.v4.view.f:
    android.support.v4.view.AccessibilityDelegateCompat val$compat -> a
    android.support.v4.view.AccessibilityDelegateCompat$AccessibilityDelegateJellyBeanImpl this$0 -> b
    boolean dispatchPopulateAccessibilityEvent(android.view.View,android.view.accessibility.AccessibilityEvent) -> a
    void onInitializeAccessibilityEvent(android.view.View,android.view.accessibility.AccessibilityEvent) -> b
    void onInitializeAccessibilityNodeInfo(android.view.View,java.lang.Object) -> a
    void onPopulateAccessibilityEvent(android.view.View,android.view.accessibility.AccessibilityEvent) -> c
    boolean onRequestSendAccessibilityEvent(android.view.ViewGroup,android.view.View,android.view.accessibility.AccessibilityEvent) -> a
    void sendAccessibilityEvent(android.view.View,int) -> a
    void sendAccessibilityEventUnchecked(android.view.View,android.view.accessibility.AccessibilityEvent) -> d
    java.lang.Object getAccessibilityNodeProvider(android.view.View) -> a
    boolean performAccessibilityAction(android.view.View,int,android.os.Bundle) -> a
android.support.v4.view.AccessibilityDelegateCompat$AccessibilityDelegateStubImpl -> android.support.v4.view.g:
    java.lang.Object newAccessiblityDelegateDefaultImpl() -> a
    java.lang.Object newAccessiblityDelegateBridge(android.support.v4.view.AccessibilityDelegateCompat) -> a
    boolean dispatchPopulateAccessibilityEvent(java.lang.Object,android.view.View,android.view.accessibility.AccessibilityEvent) -> a
    void onInitializeAccessibilityEvent(java.lang.Object,android.view.View,android.view.accessibility.AccessibilityEvent) -> b
    void onInitializeAccessibilityNodeInfo(java.lang.Object,android.view.View,android.support.v4.view.accessibility.AccessibilityNodeInfoCompat) -> a
    void onPopulateAccessibilityEvent(java.lang.Object,android.view.View,android.view.accessibility.AccessibilityEvent) -> c
    boolean onRequestSendAccessibilityEvent(java.lang.Object,android.view.ViewGroup,android.view.View,android.view.accessibility.AccessibilityEvent) -> a
    void sendAccessibilityEvent(java.lang.Object,android.view.View,int) -> a
    void sendAccessibilityEventUnchecked(java.lang.Object,android.view.View,android.view.accessibility.AccessibilityEvent) -> d
    android.support.v4.view.accessibility.AccessibilityNodeProviderCompat getAccessibilityNodeProvider(java.lang.Object,android.view.View) -> a
    boolean performAccessibilityAction(java.lang.Object,android.view.View,int,android.os.Bundle) -> a
android.support.v4.view.AccessibilityDelegateCompatIcs -> android.support.v4.view.h:
    java.lang.Object newAccessibilityDelegateDefaultImpl() -> a
    java.lang.Object newAccessibilityDelegateBridge(android.support.v4.view.AccessibilityDelegateCompatIcs$AccessibilityDelegateBridge) -> a
    boolean dispatchPopulateAccessibilityEvent(java.lang.Object,android.view.View,android.view.accessibility.AccessibilityEvent) -> a
    void onInitializeAccessibilityEvent(java.lang.Object,android.view.View,android.view.accessibility.AccessibilityEvent) -> b
    void onInitializeAccessibilityNodeInfo(java.lang.Object,android.view.View,java.lang.Object) -> a
    void onPopulateAccessibilityEvent(java.lang.Object,android.view.View,android.view.accessibility.AccessibilityEvent) -> c
    boolean onRequestSendAccessibilityEvent(java.lang.Object,android.view.ViewGroup,android.view.View,android.view.accessibility.AccessibilityEvent) -> a
    void sendAccessibilityEvent(java.lang.Object,android.view.View,int) -> a
    void sendAccessibilityEventUnchecked(java.lang.Object,android.view.View,android.view.accessibility.AccessibilityEvent) -> d