app/unused.txt
com.ashoksm.thiraseela.BuildConfig
com.ashoksm.thiraseela.R
com.ashoksm.thiraseela.R$anim
com.ashoksm.thiraseela.R$attr
com.ashoksm.thiraseela.R$bool
com.ashoksm.thiraseela.R$color
com.ashoksm.thiraseela.R$dimen
com.ashoksm.thiraseela.R$drawable
com.ashoksm.thiraseela.R$id
com.ashoksm.thiraseela.R$integer
com.ashoksm.thiraseela.R$layout
com.ashoksm.thiraseela.R$menu
com.ashoksm.thiraseela.R$mipmap
com.ashoksm.thiraseela.R$string
com.ashoksm.thiraseela.R$style
com.ashoksm.thiraseela.R$styleable
com.ashoksm.thiraseela.ui.AboutUSActivity:
    private static final java.lang.String URL
com.ashoksm.thiraseela.ui.AcademyDetailActivity:
    private static final java.lang.String URL
com.ashoksm.thiraseela.ui.AcademyListActivity:
    public static final java.lang.String EXTRA_ACADEMY_ID
    private static final java.lang.String URL
com.ashoksm.thiraseela.ui.ArtistDetailActivity:
    private static final java.lang.String URL
com.ashoksm.thiraseela.ui.ArtistListActivity:
    public static final java.lang.String EXTRA_PERFORMER_NAME
    private static final java.lang.String URL
com.ashoksm.thiraseela.ui.EventsDetailActivity:
    private static final java.lang.String URL
com.ashoksm.thiraseela.ui.EventsListActivity:
    public static final java.lang.String EXTRA_EVENT_NAME
    private static final java.lang.String URL
com.ashoksm.thiraseela.ui.MainActivity:
    private static final java.lang.String URL
com.ashoksm.thiraseela.ui.TroupesDetailActivity:
    private static final java.lang.String URL
com.ashoksm.thiraseela.ui.TroupesListActivity:
    public static final java.lang.String EXTRA_TROUPE_ID
    private static final java.lang.String URL
com.ashoksm.thiraseela.utils.DepthPageTransformer:
    private static final float MIN_SCALE
com.ashoksm.thiraseela.utils.SimpleGestureFilter
com.ashoksm.thiraseela.utils.SimpleGestureFilter$SimpleGestureListener
com.ashoksm.thiraseela.wsclient.WSClient:
    10:10:public WSClient()
...
android.support.v4.widget.PopupMenuCompat
android.support.v4.widget.PopupMenuCompat$BasePopupMenuImpl
android.support.v4.widget.PopupMenuCompat$KitKatPopupMenuImpl
android.support.v4.widget.PopupMenuCompat$PopupMenuImpl
android.support.v4.widget.PopupMenuCompatKitKat
android.support.v4.widget.PopupWindowCompat:
    71:73:private PopupWindowCompat()
android.support.v4.widget.PopupWindowCompatKitKat:
    27:27:PopupWindowCompatKitKat()
android.support.v4.widget.ResourceCursorAdapter:
    54:57:public ResourceCursorAdapter(android.content.Context,int,android.database.Cursor)
    93:96:public ResourceCursorAdapter(android.content.Context,int,android.database.Cursor,int)
    120:121:public void setViewResource(int)
    129:130:public void setDropDownViewResource(int)
android.support.v4.widget.ScrollerCompat:
    private static final java.lang.String TAG
    static final int CHASE_FRAME_TIME
    448:449:public void notifyHorizontalEdgeReached(int,int,int)
    465:466:public void notifyVerticalEdgeReached(int,int,int)
    482:482:public boolean isOverScrolled()
android.support.v4.widget.ScrollerCompat$ScrollerCompatImpl:
    public abstract void notifyHorizontalEdgeReached(java.lang.Object,int,int,int)
    public abstract void notifyVerticalEdgeReached(java.lang.Object,int,int,int)
    public abstract boolean isOverScrolled(java.lang.Object)
android.support.v4.widget.ScrollerCompat$ScrollerCompatImplBase:
    126:126:public void notifyHorizontalEdgeReached(java.lang.Object,int,int,int)
    131:131:public void notifyVerticalEdgeReached(java.lang.Object,int,int,int)
    136:136:public boolean isOverScrolled(java.lang.Object)
android.support.v4.widget.ScrollerCompat$ScrollerCompatImplGingerbread:
    214:215:public void notifyHorizontalEdgeReached(java.lang.Object,int,int,int)
    219:220:public void notifyVerticalEdgeReached(java.lang.Object,int,int,int)
    224:224:public boolean isOverScrolled(java.lang.Object)
android.support.v4.widget.ScrollerCompatGingerbread:
    24:24:ScrollerCompatGingerbread()
    72:73:public static void notifyHorizontalEdgeReached(java.lang.Object,int,int,int)
    76:77:public static void notifyVerticalEdgeReached(java.lang.Object,int,int,int)
    80:80:public static boolean isOverScrolled(java.lang.Object)
android.support.v4.widget.ScrollerCompatIcs:
    24:24:ScrollerCompatIcs()
android.support.v4.widget.SearchViewCompat
android.support.v4.widget.SearchViewCompat$OnCloseListenerCompat
android.support.v4.widget.SearchViewCompat$OnQueryTextListenerCompat
android.support.v4.widget.SearchViewCompat$SearchViewCompatHoneycombImpl
android.support.v4.widget.SearchViewCompat$SearchViewCompatHoneycombImpl$1
android.support.v4.widget.SearchViewCompat$SearchViewCompatHoneycombImpl$2
android.support.v4.widget.SearchViewCompat$SearchViewCompatIcsImpl
android.support.v4.widget.SearchViewCompat$SearchViewCompatImpl
android.support.v4.widget.SearchViewCompat$SearchViewCompatStubImpl
android.support.v4.widget.SearchViewCompatHoneycomb
android.support.v4.widget.SearchViewCompatHoneycomb$1
android.support.v4.widget.SearchViewCompatHoneycomb$2
android.support.v4.widget.SearchViewCompatHoneycomb$OnCloseListenerCompatBridge
android.support.v4.widget.SearchViewCompatHoneycomb$OnQueryTextListenerCompatBridge
android.support.v4.widget.SearchViewCompatIcs
android.support.v4.widget.SearchViewCompatIcs$MySearchView
android.support.v4.widget.SimpleCursorAdapter
android.support.v4.widget.SimpleCursorAdapter$CursorToStringConverter
android.support.v4.widget.SimpleCursorAdapter$ViewBinder